--------------------------------- Version Log ----------------------------------
Version                                 Path
System Generator 2022.2                 C:/Xilinx/Vivado/2022.2
Matlab 9.12.0.2910573 (R2022a) Update 9 C:\Program Files\MATLAB\R2022a
Vivado 2022.2                           C:/Xilinx/Vivado/2022.2
--------------------------------------------------------------------------------
Summary of Errors:
Error 0001: Undriven input port
     Block: 'FIR_LMS/Subsystem/Gateway Out'
Error 0002: Undriven input port
     Block: 'FIR_LMS/Subsystem/Delay13'
--------------------------------------------------------------------------------

Error 0001:

Reported by:
  'FIR_LMS/Subsystem/Gateway Out'

Details:
The input ports on this block must be driven by other Xilinx blocks
--------------------------------------------------------------------------------

Error 0001:

Reported by:
  'FIR_LMS/Subsystem/Delay13'

Details:
The input ports on this block must be driven by other Xilinx blocks
--------------------------------------------------------------------------------
